0 info it worked if it ends with ok
1 verbose cli [ 'node', '/usr/bin/npm', 'run', 'gulp' ]
2 info using npm@3.5.3
3 info using node@v0.10.36
4 verbose run-script [ 'pregulp', 'gulp', 'postgulp' ]
5 info lifecycle otus-studio@0.11.13~pregulp: otus-studio@0.11.13
6 silly lifecycle otus-studio@0.11.13~pregulp: no script for pregulp, continuing
7 info lifecycle otus-studio@0.11.13~gulp: otus-studio@0.11.13
8 verbose lifecycle otus-studio@0.11.13~gulp: unsafe-perm in lifecycle true
9 verbose lifecycle otus-studio@0.11.13~gulp: PATH: /usr/lib/node_modules/npm/bin/node-gyp-bin:/home/santos/dev/prj/wrk/studio/studio-web/src/main/webapp/node_modules/.bin:/usr/lib/node_modules/npm/bin/node-gyp-bin:/home/santos/dev/prj/wrk/studio/studio-web/src/main/webapp/node_modules/.bin:/usr/lib64/qt-3.3/bin:/usr/local/bin:/usr/local/sbin:/usr/bin:/usr/sbin:/bin:/sbin:/home/santos/.local/bin:/home/santos/bin:/usr/java/jdk1.7.0_80/bin:/home/santos/dev/env/mvn/3.3.3/bin:/home/santos/dev/env/mvn/3.3.3/bin:/home/santos/dev/env/eclipse/mars:/home/santos/dev/env/nodejs/bin:/home/santos/dev/linda_vfs
10 verbose lifecycle otus-studio@0.11.13~gulp: CWD: /home/santos/dev/prj/wrk/studio/studio-web/src/main/webapp
11 silly lifecycle otus-studio@0.11.13~gulp: Args: [ '-c', 'gulp' ]
12 silly lifecycle otus-studio@0.11.13~gulp: Returned: code: 1  signal: null
13 info lifecycle otus-studio@0.11.13~gulp: Failed to exec gulp script
14 verbose stack Error: otus-studio@0.11.13 gulp: `gulp`
14 verbose stack Exit status 1
14 verbose stack     at EventEmitter.<anonymous> (/usr/lib/node_modules/npm/lib/utils/lifecycle.js:232:16)
14 verbose stack     at EventEmitter.emit (events.js:98:17)
14 verbose stack     at ChildProcess.<anonymous> (/usr/lib/node_modules/npm/lib/utils/spawn.js:24:14)
14 verbose stack     at ChildProcess.emit (events.js:98:17)
14 verbose stack     at maybeClose (child_process.js:766:16)
14 verbose stack     at Process.ChildProcess._handle.onexit (child_process.js:833:5)
15 verbose pkgid otus-studio@0.11.13
16 verbose cwd /home/santos/dev/prj/wrk/studio/studio-web/src/main/webapp
17 error Linux 4.2.8-200.fc22.x86_64
18 error argv "node" "/usr/bin/npm" "run" "gulp"
19 error node v0.10.36
20 error npm  v3.5.3
21 error code ELIFECYCLE
22 error otus-studio@0.11.13 gulp: `gulp`
22 error Exit status 1
23 error Failed at the otus-studio@0.11.13 gulp script 'gulp'.
23 error Make sure you have the latest version of node.js and npm installed.
23 error If you do, this is most likely a problem with the otus-studio package,
23 error not with npm itself.
23 error Tell the author that this fails on your system:
23 error     gulp
23 error You can get information on how to open an issue for this project with:
23 error     npm bugs otus-studio
23 error Or if that isn't available, you can get their info via:
23 error     npm owner ls otus-studio
23 error There is likely additional logging output above.
24 verbose exit [ 1, true ]
